[09-Mar-2020 19:02:38 UTC] PHP Parse error:  syntax error, unexpected '<', expecting end of file in phar:///usr/local/bin/wp/php/WP_CLI/SynopsisValidator.php on line 130
[09-Mar-2020 19:02:38 UTC] PHP Parse error:  syntax error, unexpected '<', expecting end of file in phar:///usr/local/bin/wp/php/WP_CLI/SynopsisValidator.php on line 130
[09-Mar-2020 19:59:03 UTC] WordPress database error You have an error in your SQL syntax; check the manual that corresponds to your MySQL server version for the right syntax to use near 'SELCT * FROM wp_posts LIMIT 10' at line 1 for query SELCT * FROM wp_posts LIMIT 10 made by require('wp-blog-header.php'), require_once('wp-includes/template-loader.php'), include('/themes/twentytwenty-child/srp-template.php')
[09-Mar-2020 19:59:23 UTC] WordPress database error You have an error in your SQL syntax; check the manual that corresponds to your MySQL server version for the right syntax to use near 'SELCT * FROM wp_posts LIMIT 10' at line 1 for query SELCT * FROM wp_posts LIMIT 10 made by require('wp-blog-header.php'), require_once('wp-includes/template-loader.php'), include('/themes/twentytwenty-child/srp-template.php')
[09-Mar-2020 19:59:46 UTC] WordPress database error You have an error in your SQL syntax; check the manual that corresponds to your MySQL server version for the right syntax to use near 'SELCT * FROM wp_posts LIMIT 10' at line 1 for query SELCT * FROM wp_posts LIMIT 10 made by require('wp-blog-header.php'), require_once('wp-includes/template-loader.php'), include('/themes/twentytwenty-child/srp-template.php')
[09-Mar-2020 20:01:02 UTC] WordPress database error You have an error in your SQL syntax; check the manual that corresponds to your MySQL server version for the right syntax to use near 'SELCT * FROM wp_posts LIMIT 10' at line 1 for query SELCT * FROM wp_posts LIMIT 10 made by require('wp-blog-header.php'), require_once('wp-includes/template-loader.php'), include('/themes/twentytwenty-child/srp-template.php')
[09-Mar-2020 20:02:07 UTC] WordPress database error You have an error in your SQL syntax; check the manual that corresponds to your MySQL server version for the right syntax to use near 'SELCT * FROM wp_posts LIMIT 10' at line 1 for query SELCT * FROM wp_posts LIMIT 10 made by require('wp-blog-header.php'), require_once('wp-includes/template-loader.php'), include('/themes/twentytwenty-child/srp-template.php')
[09-Mar-2020 20:02:54 UTC] WordPress database error You have an error in your SQL syntax; check the manual that corresponds to your MySQL server version for the right syntax to use near 'SELCT * FROM wp_posts LIMIT 10' at line 1 for query SELCT * FROM wp_posts LIMIT 10 made by require('wp-blog-header.php'), require_once('wp-includes/template-loader.php'), include('/themes/twentytwenty-child/srp-template.php')
[09-Mar-2020 20:03:45 UTC] WordPress database error You have an error in your SQL syntax; check the manual that corresponds to your MySQL server version for the right syntax to use near 'SELCT * FROM wp_posts LIMIT 10' at line 1 for query SELCT * FROM wp_posts LIMIT 10 made by require('wp-blog-header.php'), require_once('wp-includes/template-loader.php'), include('/themes/twentytwenty-child/srp-template.php')
[09-Mar-2020 20:03:52 UTC] WordPress database error You have an error in your SQL syntax; check the manual that corresponds to your MySQL server version for the right syntax to use near 'SELCT * FROM wp_posts LIMIT 10' at line 1 for query SELCT * FROM wp_posts LIMIT 10 made by require('wp-blog-header.php'), require_once('wp-includes/template-loader.php'), include('/themes/twentytwenty-child/srp-template.php')
[09-Mar-2020 20:05:10 UTC] PHP Warning:  count(): Parameter must be an array or an object that implements Countable in /etc/scripts/local-adminer.php on line 428
[09-Mar-2020 20:05:10 UTC] PHP Stack trace:
[09-Mar-2020 20:05:10 UTC] PHP   1. {main}() /app/public/local-adminer-0vL0n2-m3.php:0
[09-Mar-2020 20:05:10 UTC] PHP   2. include() /app/public/local-adminer-0vL0n2-m3.php:20
[09-Mar-2020 20:05:10 UTC] PHP   3. queries_redirect() /etc/scripts/local-adminer.php:647
[09-Mar-2020 20:05:10 UTC] PHP   4. query_redirect() /etc/scripts/local-adminer.php:84
[09-Mar-2020 20:05:10 UTC] PHP   5. AdminerSoftware->messageQuery() /etc/scripts/local-adminer.php:74
[09-Mar-2020 20:16:22 UTC] WordPress database error You have an error in your SQL syntax; check the manual that corresponds to your MySQL server version for the right syntax to use near '' at line 1 for query SELECT id, vin, stock_number, make, model, year_manufactured FROM  made by require('wp-blog-header.php'), require_once('wp-includes/template-loader.php'), include('/themes/twentytwenty-child/srp-template.php')
[09-Mar-2020 20:17:07 UTC] PHP Fatal error:  Uncaught Error: Call to undefined function result() in /app/public/wp-content/themes/twentytwenty-child/srp-template.php:16
Stack trace:
#0 /app/public/wp-includes/template-loader.php(98): include()
#1 /app/public/wp-blog-header.php(19): require_once('/app/public/wp-...')
#2 /app/public/index.php(17): require('/app/public/wp-...')
#3 {main}
  thrown in /app/public/wp-content/themes/twentytwenty-child/srp-template.php on line 16
[09-Mar-2020 20:17:22 UTC] WordPress database error You have an error in your SQL syntax; check the manual that corresponds to your MySQL server version for the right syntax to use near '' at line 1 for query SELECT id, vin, stock_number, make, model, year_manufactured FROM  made by require('wp-blog-header.php'), require_once('wp-includes/template-loader.php'), include('/themes/twentytwenty-child/srp-template.php')
[09-Mar-2020 21:00:57 UTC] PHP Warning:  Invalid argument supplied for foreach() in /app/public/wp-content/themes/twentytwenty-child/srp-template.php on line 22
[09-Mar-2020 21:00:57 UTC] PHP Stack trace:
[09-Mar-2020 21:00:57 UTC] PHP   1. {main}() /app/public/index.php:0
[09-Mar-2020 21:00:57 UTC] PHP   2. require() /app/public/index.php:17
[09-Mar-2020 21:00:57 UTC] PHP   3. require_once() /app/public/wp-blog-header.php:19
[09-Mar-2020 21:00:57 UTC] PHP   4. include() /app/public/wp-includes/template-loader.php:98
[09-Mar-2020 21:07:20 UTC] PHP Parse error:  syntax error, unexpected '<', expecting end of file in /app/public/wp-content/themes/twentytwenty-child/srp-template.php on line 33
[09-Mar-2020 21:08:37 UTC] PHP Parse error:  syntax error, unexpected '<', expecting end of file in /app/public/wp-content/themes/twentytwenty-child/srp-template.php on line 30
